Content-Type: multipart/alternative; boundary="===============0290219520=="
MIME-Version: 1.0
Subject: Profile activation
From: test@example.com
To: sonuprasad08.sp@gmail.com
Date: Mon, 22 Aug 2022 15:14:33 -0000
Message-ID: <166118127311.11236.1970759366060955523@DESKTOP-FLJRMA3>

--===============0290219520==
Content-Type: text/plain; charset="utf-8"
MIME-Version: 1.0
Content-Transfer-Encoding: 7bit



To change your current email address, please follow the link:



--===============0290219520==
Content-Type: text/html; charset="utf-8"
MIME-Version: 1.0
Content-Transfer-Encoding: 7bit



<!DOCTYPE html PUBLIC "-//W3C//DTD XHTML 1.0 Transitional//EN"
        "http://www.w3.org/TR/xhtml1/DTD/xhtml1-transitional.dtd">
<html xmlns="http://www.w3.org/1999/xhtml">
<head>
    <meta http-equiv="Content-Type" content="text/html; charset=UTF-8"/>
    <title>Profile activation</title>
    <meta name="viewport" content="width=device-width, initial-scale=1.0"/>
</head>

<body>

<p>
    To change your current email address, please follow the link:
</p>

<p>
    <a href=""></a>
</p>

</body>

</html>

--===============0290219520==--

-------------------------------------------------------------------------------
